<?xml version="1.0" encoding="UTF-8"?>
<testng-results skipped="0" failed="0" ignored="0" total="1" passed="1">
  <reporter-output>
  </reporter-output>
  <suite name="Surefire suite" duration-ms="20" started-at="2019-09-20T16:50:13Z" finished-at="2019-09-20T16:50:13Z">
    <groups>
    </groups>
    <test name="Surefire test" duration-ms="20" started-at="2019-09-20T16:50:13Z" finished-at="2019-09-20T16:50:13Z">
      <class name="com.qa.AppTest">
        <test-method status="PASS" signature="testApp()[pri:0, instance:testApp(com.qa.AppTest)]" name="testApp" duration-ms="3" started-at="2019-09-20T16:50:13Z" finished-at="2019-09-20T16:50:13Z">
          <reporter-output>
          </reporter-output>
        </test-method> <!-- testApp -->
      </class> <!-- com.qa.AppTest -->
    </test> <!-- Surefire test -->
  </suite> <!-- Surefire suite -->
</testng-results>
