<?xml version="1.0" encoding="UTF-8"?>
<testng-results skipped="0" failed="0" ignored="0" total="1" passed="1">
  <reporter-output>
  </reporter-output>
  <suite name="Surefire suite" duration-ms="113" started-at="2019-09-20T16:50:13Z" finished-at="2019-09-20T16:50:13Z">
    <groups>
    </groups>
    <test name="Surefire test" duration-ms="113" started-at="2019-09-20T16:50:13Z" finished-at="2019-09-20T16:50:13Z">
      <class name="com.qa.SeleniumTest">
        <test-method status="PASS" signature="browserTest()[pri:0, instance:com.qa.SeleniumTest@3cda1055]" name="browserTest" duration-ms="11" started-at="2019-09-20T16:50:13Z" finished-at="2019-09-20T16:50:13Z">
          <reporter-output>
          </reporter-output>
        </test-method> <!-- browserTest -->
      </class> <!-- com.qa.SeleniumTest -->
    </test> <!-- Surefire test -->
  </suite> <!-- Surefire suite -->
</testng-results>
