<?xml version="1.0" encoding="UTF-8"?>
<testng-results skipped="0" failed="0" ignored="0" total="2" passed="2">
  <reporter-output>
  </reporter-output>
  <suite name="Suite" duration-ms="45700" started-at="2019-09-27T18:42:42Z" finished-at="2019-09-27T18:43:27Z">
    <groups>
    </groups>
    <test name="Test" duration-ms="45700" started-at="2019-09-27T18:42:42Z" finished-at="2019-09-27T18:43:27Z">
      <class name="com.framework.HomePage">
        <test-method status="PASS" signature="basePageNavigation(java.lang.String, java.lang.String, java.lang.String)[pri:0, instance:com.framework.HomePage@35083305]" name="basePageNavigation" duration-ms="24912" started-at="2019-09-27T18:42:42Z" data-provider="getData" finished-at="2019-09-27T18:43:07Z">
          <params>
            <param index="0">
              <value>
                <![CDATA[abc@a.com]]>
              </value>
            </param>
            <param index="1">
              <value>
                <![CDATA[pwsd1]]>
              </value>
            </param>
            <param index="2">
              <value>
                <![CDATA[restricted user]]>
              </value>
            </param>
          </params>
          <reporter-output>
          </reporter-output>
        </test-method> <!-- basePageNavigation -->
        <test-method status="PASS" signature="basePageNavigation(java.lang.String, java.lang.String, java.lang.String)[pri:0, instance:com.framework.HomePage@35083305]" name="basePageNavigation" duration-ms="20708" started-at="2019-09-27T18:43:07Z" data-provider="getData" finished-at="2019-09-27T18:43:27Z">
          <params>
            <param index="0">
              <value>
                <![CDATA[xyz@a.com]]>
              </value>
            </param>
            <param index="1">
              <value>
                <![CDATA[pwsd1]]>
              </value>
            </param>
            <param index="2">
              <value>
                <![CDATA[nonrestricted user]]>
              </value>
            </param>
          </params>
          <reporter-output>
          </reporter-output>
        </test-method> <!-- basePageNavigation -->
      </class> <!-- com.framework.HomePage -->
    </test> <!-- Test -->
  </suite> <!-- Suite -->
</testng-results>
