<?xml version="1.0" encoding="UTF-8"?>
<testng-results skipped="0" failed="0" ignored="0" total="2" passed="2">
  <reporter-output>
  </reporter-output>
  <suite name="Suite" duration-ms="38882" started-at="2019-09-27T19:28:50Z" finished-at="2019-09-27T19:29:29Z">
    <groups>
    </groups>
    <test name="Test" duration-ms="38882" started-at="2019-09-27T19:28:50Z" finished-at="2019-09-27T19:29:29Z">
      <class name="com.framework.HomePage">
        <test-method status="PASS" signature="basePageNavigation(java.lang.String, java.lang.String, java.lang.String)[pri:0, instance:com.framework.HomePage@2bfc268b]" name="basePageNavigation" duration-ms="22353" started-at="2019-09-27T19:28:50Z" data-provider="getData" finished-at="2019-09-27T19:29:12Z">
          <params>
            <param index="0">
              <value>
                <![CDATA[abc@a.com]]>
              </value>
            </param>
            <param index="1">
              <value>
                <![CDATA[pwsd1]]>
              </value>
            </param>
            <param index="2">
              <value>
                <![CDATA[restricted user]]>
              </value>
            </param>
          </params>
          <reporter-output>
          </reporter-output>
        </test-method> <!-- basePageNavigation -->
        <test-method status="PASS" signature="basePageNavigation(java.lang.String, java.lang.String, java.lang.String)[pri:0, instance:com.framework.HomePage@2bfc268b]" name="basePageNavigation" duration-ms="16504" started-at="2019-09-27T19:29:12Z" data-provider="getData" finished-at="2019-09-27T19:29:29Z">
          <params>
            <param index="0">
              <value>
                <![CDATA[xyz@a.com]]>
              </value>
            </param>
            <param index="1">
              <value>
                <![CDATA[pwsd1]]>
              </value>
            </param>
            <param index="2">
              <value>
                <![CDATA[nonrestricted user]]>
              </value>
            </param>
          </params>
          <reporter-output>
          </reporter-output>
        </test-method> <!-- basePageNavigation -->
      </class> <!-- com.framework.HomePage -->
    </test> <!-- Test -->
  </suite> <!-- Suite -->
</testng-results>
